Using pre-set license

 COMMAND LINE ARGUMENTS:
/Applications/Unity/Hub/Editor/2020.3.10f1/Unity.app/Contents/MacOS/Unity
-adb2
-batchMode
-noUpm
-name
AssetImportWorker0
-projectPath
/Users/adisauter/Documents/Studium/4. Semester/Teamprojekt/Projekt/ClimateMuseum
-logFile
Logs/AssetImportWorker0.log
-srvPort
51664
Successfully changed project path to: /Users/adisauter/Documents/Studium/4. Semester/Teamprojekt/Projekt/ClimateMuseum
/Users/adisauter/Documents/Studium/4. Semester/Teamprojekt/Projekt/ClimateMuseum
Using Asset Import Pipeline V2.
Refreshing native plugins compatible for Editor in 52.66 ms, found 2 plugins.
Preloading 0 native plugins for Editor in 0.00 ms.
Initialize engine version: 2020.3.10f1 (297d780c91bc)
[Subsystems] Discovering subsystems at path /Applications/Unity/Hub/Editor/2020.3.10f1/Unity.app/Contents/Resources/UnitySubsystems
[Subsystems] Discovering subsystems at path /Users/adisauter/Documents/Studium/4. Semester/Teamprojekt/Projekt/ClimateMuseum/Assets
GfxDevice: creating device client; threaded=0
2021-07-01 11:41:30.756 Unity[5149:114463] Color LCD preferred device: Intel(R) Iris(TM) Plus Graphics 645 (low power)
2021-07-01 11:41:30.756 Unity[5149:114463] Metal devices available: 1
2021-07-01 11:41:30.756 Unity[5149:114463] 0: Intel(R) Iris(TM) Plus Graphics 645 (low power)
2021-07-01 11:41:30.756 Unity[5149:114463] Using device Intel(R) Iris(TM) Plus Graphics 645 (low power)
Initializing Metal device caps: Intel(R) Iris(TM) Plus Graphics 645
Initialize mono
Mono path[0] = '/Applications/Unity/Hub/Editor/2020.3.10f1/Unity.app/Contents/Managed'
Mono path[1] = '/Applications/Unity/Hub/Editor/2020.3.10f1/Unity.app/Contents/MonoBleedingEdge/lib/mono/unityjit'
Mono config path = '/Applications/Unity/Hub/Editor/2020.3.10f1/Unity.app/Contents/MonoBleedingEdge/etc'
Using monoOptions --debugger-agent=transport=dt_socket,embedding=1,server=y,suspend=n,address=127.0.0.1:56149
Begin MonoManager ReloadAssembly
Registering precompiled unity dll's ...
Register platform support module: /Applications/Unity/Hub/Editor/2020.3.10f1/Unity.app/Contents/PlaybackEngines/MacStandaloneSupport/UnityEditor.OSXStandalone.Extensions.dll
Registered in 0.001713 seconds.
Native extension for OSXStandalone target not found
Refreshing native plugins compatible for Editor in 40.89 ms, found 2 plugins.
Preloading 0 native plugins for Editor in 0.00 ms.
Mono: successfully reloaded assembly
- Completed reload, in  2.183 seconds
Platform modules already initialized, skipping
Registering precompiled user dll's ...
Registered in 0.005172 seconds.
Begin MonoManager ReloadAssembly
Native extension for OSXStandalone target not found
Refreshing native plugins compatible for Editor in 0.39 ms, found 2 plugins.
Preloading 0 native plugins for Editor in 0.00 ms.
Mono: successfully reloaded assembly
- Completed reload, in  1.279 seconds
Platform modules already initialized, skipping
========================================================================
Worker process is ready to serve import requests
Launching external process: /Applications/Unity/Hub/Editor/2020.3.10f1/Unity.app/Contents/Tools/UnityShaderCompiler
Launched and connected shader compiler UnityShaderCompiler after 0.02 seconds
Refreshing native plugins compatible for Editor in 0.42 ms, found 2 plugins.
Preloading 0 native plugins for Editor in 0.00 ms.
Unloading 1455 Unused Serialized files (Serialized files now loaded: 0)
System memory in use before: 163.6 MB.
System memory in use after: 163.7 MB.

Unloading 17 unused Assets to reduce memory usage. Loaded Objects now: 1929.
Total: 1.892955 ms (FindLiveObjects: 0.172409 ms CreateObjectMapping: 0.044959 ms MarkObjects: 1.646451 ms  DeleteObjects: 0.028185 ms)

========================================================================
Received Import Request.
  path: Assets/Prefabs/Transport_Electrification.prefab
  artifactKey: Guid(e44ca93f68180304887bbe0f930ec627) Importer(815301076,1909f56bfc062723c751e8b465ee728b)
Start importing Assets/Prefabs/Transport_Electrification.prefab using Guid(e44ca93f68180304887bbe0f930ec627) Importer(815301076,1909f56bfc062723c751e8b465ee728b)  -> (artifact id: '19945734dc4ae17960a6fc1ed245b1b1') in 1.208983 seconds
  Import took 1.213060 seconds .

========================================================================
Received Prepare
Registering precompiled user dll's ...
Registered in 0.004753 seconds.
Begin MonoManager ReloadAssembly
Native extension for OSXStandalone target not found
Refreshing native plugins compatible for Editor in 0.43 ms, found 2 plugins.
Preloading 0 native plugins for Editor in 0.00 ms.
Mono: successfully reloaded assembly
- Completed reload, in  1.457 seconds
Platform modules already initialized, skipping
Refreshing native plugins compatible for Editor in 0.48 ms, found 2 plugins.
Preloading 0 native plugins for Editor in 0.00 ms.
Unloading 1440 Unused Serialized files (Serialized files now loaded: 0)
System memory in use before: 170.8 MB.
System memory in use after: 170.9 MB.

Unloading 16 unused Assets to reduce memory usage. Loaded Objects now: 1942.
Total: 2.777506 ms (FindLiveObjects: 0.227438 ms CreateObjectMapping: 0.060724 ms MarkObjects: 2.434985 ms  DeleteObjects: 0.052950 ms)

========================================================================
Received Import Request.
  Time since last request: 234.570282 seconds.
  path: Assets/Prefabs/Transport_Electrification.prefab
  artifactKey: Guid(e44ca93f68180304887bbe0f930ec627) Importer(815301076,1909f56bfc062723c751e8b465ee728b)
Start importing Assets/Prefabs/Transport_Electrification.prefab using Guid(e44ca93f68180304887bbe0f930ec627) Importer(815301076,1909f56bfc062723c751e8b465ee728b)  -> (artifact id: '9e3e712d08f0013f2482b3b8e8b2b7a7') in 0.164493 seconds
  Import took 0.168230 seconds .

========================================================================
Received Prepare
Registering precompiled user dll's ...
Registered in 0.003636 seconds.
Begin MonoManager ReloadAssembly
Native extension for OSXStandalone target not found
Refreshing native plugins compatible for Editor in 0.62 ms, found 2 plugins.
Preloading 0 native plugins for Editor in 0.00 ms.
Mono: successfully reloaded assembly
- Completed reload, in  1.705 seconds
Platform modules already initialized, skipping
Refreshing native plugins compatible for Editor in 0.59 ms, found 2 plugins.
Preloading 0 native plugins for Editor in 0.00 ms.
Unloading 1440 Unused Serialized files (Serialized files now loaded: 0)
System memory in use before: 171.1 MB.
System memory in use after: 171.2 MB.

Unloading 16 unused Assets to reduce memory usage. Loaded Objects now: 1946.
Total: 3.274151 ms (FindLiveObjects: 0.366996 ms CreateObjectMapping: 0.251941 ms MarkObjects: 2.544137 ms  DeleteObjects: 0.109549 ms)

========================================================================
Received Prepare
Registering precompiled user dll's ...
Registered in 0.003011 seconds.
Begin MonoManager ReloadAssembly
Native extension for OSXStandalone target not found
Refreshing native plugins compatible for Editor in 0.73 ms, found 2 plugins.
Preloading 0 native plugins for Editor in 0.00 ms.
Mono: successfully reloaded assembly
- Completed reload, in  1.535 seconds
Platform modules already initialized, skipping
Refreshing native plugins compatible for Editor in 0.67 ms, found 2 plugins.
Preloading 0 native plugins for Editor in 0.00 ms.
Unloading 1440 Unused Serialized files (Serialized files now loaded: 0)
System memory in use before: 171.3 MB.
System memory in use after: 171.5 MB.

Unloading 13 unused Assets to reduce memory usage. Loaded Objects now: 1949.
Total: 2.872698 ms (FindLiveObjects: 0.274484 ms CreateObjectMapping: 0.083456 ms MarkObjects: 2.491395 ms  DeleteObjects: 0.021883 ms)

========================================================================
Received Prepare
Registering precompiled user dll's ...
Registered in 0.008487 seconds.
Begin MonoManager ReloadAssembly
Native extension for OSXStandalone target not found
Refreshing native plugins compatible for Editor in 0.41 ms, found 2 plugins.
Preloading 0 native plugins for Editor in 0.00 ms.
Mono: successfully reloaded assembly
- Completed reload, in  1.191 seconds
Platform modules already initialized, skipping
Refreshing native plugins compatible for Editor in 0.49 ms, found 2 plugins.
Preloading 0 native plugins for Editor in 0.00 ms.
Unloading 1440 Unused Serialized files (Serialized files now loaded: 0)
System memory in use before: 171.6 MB.
System memory in use after: 171.7 MB.

Unloading 13 unused Assets to reduce memory usage. Loaded Objects now: 1952.
Total: 2.034118 ms (FindLiveObjects: 0.186289 ms CreateObjectMapping: 0.058703 ms MarkObjects: 1.769444 ms  DeleteObjects: 0.018384 ms)

========================================================================
Received Prepare
Registering precompiled user dll's ...
Registered in 0.005305 seconds.
Begin MonoManager ReloadAssembly
Native extension for OSXStandalone target not found
Refreshing native plugins compatible for Editor in 0.58 ms, found 2 plugins.
Preloading 0 native plugins for Editor in 0.00 ms.
Mono: successfully reloaded assembly
- Completed reload, in  1.357 seconds
Platform modules already initialized, skipping
Refreshing native plugins compatible for Editor in 0.46 ms, found 2 plugins.
Preloading 0 native plugins for Editor in 0.00 ms.
Unloading 1440 Unused Serialized files (Serialized files now loaded: 0)
System memory in use before: 171.8 MB.
System memory in use after: 171.9 MB.

Unloading 13 unused Assets to reduce memory usage. Loaded Objects now: 1955.
Total: 1.955302 ms (FindLiveObjects: 0.232071 ms CreateObjectMapping: 0.051252 ms MarkObjects: 1.638585 ms  DeleteObjects: 0.032533 ms)

========================================================================
Received Import Request.
  Time since last request: 1192.649315 seconds.
  path: Assets/Prefabs/Transport_Electrification.prefab
  artifactKey: Guid(e44ca93f68180304887bbe0f930ec627) Importer(815301076,1909f56bfc062723c751e8b465ee728b)
Start importing Assets/Prefabs/Transport_Electrification.prefab using Guid(e44ca93f68180304887bbe0f930ec627) Importer(815301076,1909f56bfc062723c751e8b465ee728b)  -> (artifact id: 'f21e07dba3e934ce6f336d0770204187') in 0.149301 seconds
  Import took 0.152962 seconds .

========================================================================
Received Import Request.
  Time since last request: 1.643133 seconds.
  path: Assets/Prefabs/Transport_Electrification.prefab
  artifactKey: Guid(e44ca93f68180304887bbe0f930ec627) Importer(815301076,1909f56bfc062723c751e8b465ee728b)
Start importing Assets/Prefabs/Transport_Electrification.prefab using Guid(e44ca93f68180304887bbe0f930ec627) Importer(815301076,1909f56bfc062723c751e8b465ee728b)  -> (artifact id: 'f21e07dba3e934ce6f336d0770204187') in 0.032633 seconds
  Import took 0.037004 seconds .

========================================================================
Received Prepare
Registering precompiled user dll's ...
Registered in 0.001706 seconds.
Begin MonoManager ReloadAssembly
Native extension for OSXStandalone target not found
Refreshing native plugins compatible for Editor in 0.41 ms, found 2 plugins.
Preloading 0 native plugins for Editor in 0.00 ms.
Mono: successfully reloaded assembly
- Completed reload, in  1.220 seconds
Platform modules already initialized, skipping
Refreshing native plugins compatible for Editor in 0.41 ms, found 2 plugins.
Preloading 0 native plugins for Editor in 0.00 ms.
Unloading 1440 Unused Serialized files (Serialized files now loaded: 0)
System memory in use before: 172.1 MB.
System memory in use after: 172.2 MB.

Unloading 16 unused Assets to reduce memory usage. Loaded Objects now: 1959.
Total: 1.867552 ms (FindLiveObjects: 0.196653 ms CreateObjectMapping: 0.048391 ms MarkObjects: 1.596102 ms  DeleteObjects: 0.025493 ms)

========================================================================
Received Import Request.
  Time since last request: 51.283702 seconds.
  path: Assets/Prefabs/Transport_Electrification.prefab
  artifactKey: Guid(e44ca93f68180304887bbe0f930ec627) Importer(815301076,1909f56bfc062723c751e8b465ee728b)
Start importing Assets/Prefabs/Transport_Electrification.prefab using Guid(e44ca93f68180304887bbe0f930ec627) Importer(815301076,1909f56bfc062723c751e8b465ee728b)  -> (artifact id: '074269af80ca4b90161ded2aba3911be') in 0.131804 seconds
  Import took 0.134817 seconds .

========================================================================
Received Import Request.
  Time since last request: 2.035652 seconds.
  path: Assets/Prefabs/Transport_Electrification.prefab
  artifactKey: Guid(e44ca93f68180304887bbe0f930ec627) Importer(815301076,1909f56bfc062723c751e8b465ee728b)
Start importing Assets/Prefabs/Transport_Electrification.prefab using Guid(e44ca93f68180304887bbe0f930ec627) Importer(815301076,1909f56bfc062723c751e8b465ee728b)  -> (artifact id: '074269af80ca4b90161ded2aba3911be') in 0.022868 seconds
  Import took 0.025583 seconds .

========================================================================
Received Prepare
Registering precompiled user dll's ...
Registered in 0.005843 seconds.
Begin MonoManager ReloadAssembly
Native extension for OSXStandalone target not found
Refreshing native plugins compatible for Editor in 0.40 ms, found 2 plugins.
Preloading 0 native plugins for Editor in 0.00 ms.
Mono: successfully reloaded assembly
- Completed reload, in  1.166 seconds
Platform modules already initialized, skipping
Refreshing native plugins compatible for Editor in 0.52 ms, found 2 plugins.
Preloading 0 native plugins for Editor in 0.00 ms.
Unloading 1440 Unused Serialized files (Serialized files now loaded: 0)
System memory in use before: 172.4 MB.
System memory in use after: 172.5 MB.

Unloading 16 unused Assets to reduce memory usage. Loaded Objects now: 1963.
Total: 1.948656 ms (FindLiveObjects: 0.200401 ms CreateObjectMapping: 0.052428 ms MarkObjects: 1.668520 ms  DeleteObjects: 0.026548 ms)

========================================================================
Received Import Request.
  Time since last request: 209.991258 seconds.
  path: Assets/Materials/Emissive_Material.mat
  artifactKey: Guid(2a3053d4b6b084f7b93d0bdddbdc8df1) Importer(815301076,1909f56bfc062723c751e8b465ee728b)
Start importing Assets/Materials/Emissive_Material.mat using Guid(2a3053d4b6b084f7b93d0bdddbdc8df1) Importer(815301076,1909f56bfc062723c751e8b465ee728b)  -> (artifact id: '075ce80c629b56e0bf72d4186f7c46eb') in 0.614118 seconds
  Import took 0.616986 seconds .

========================================================================
Received Import Request.
  Time since last request: 0.000213 seconds.
  path: Assets/Materials/HandleMaterial.mat
  artifactKey: Guid(28e954d642bf2b64aa24dd191cb72aa2) Importer(815301076,1909f56bfc062723c751e8b465ee728b)
Start importing Assets/Materials/HandleMaterial.mat using Guid(28e954d642bf2b64aa24dd191cb72aa2) Importer(815301076,1909f56bfc062723c751e8b465ee728b)  -> (artifact id: '7cf528a8135a59d7af3e825496b44cac') in 0.010230 seconds
  Import took 0.013046 seconds .

========================================================================
Received Import Request.
  Time since last request: 0.000222 seconds.
  path: Assets/Materials/HandleMaterial 1.mat
  artifactKey: Guid(c4d0c78533d3d32468e7e48ccb224dfe) Importer(815301076,1909f56bfc062723c751e8b465ee728b)
Start importing Assets/Materials/HandleMaterial 1.mat using Guid(c4d0c78533d3d32468e7e48ccb224dfe) Importer(815301076,1909f56bfc062723c751e8b465ee728b)  -> (artifact id: '6c53d28b434b1aafe8bfdc77a89ab10f') in 0.034138 seconds
  Import took 0.037362 seconds .

========================================================================
Received Import Request.
  Time since last request: 25.623565 seconds.
  path: Assets/Materials/HandleMaterialClick.mat
  artifactKey: Guid(43dac840d229741cc9b7d56500e9587c) Importer(815301076,1909f56bfc062723c751e8b465ee728b)
Start importing Assets/Materials/HandleMaterialClick.mat using Guid(43dac840d229741cc9b7d56500e9587c) Importer(815301076,1909f56bfc062723c751e8b465ee728b)  -> (artifact id: 'b92292aa6b0b4d36e0483b3f28b7f992') in 0.020452 seconds
  Import took 0.025438 seconds .

========================================================================
Received Prepare
Registering precompiled user dll's ...
Registered in 0.003178 seconds.
Begin MonoManager ReloadAssembly
Native extension for OSXStandalone target not found
Refreshing native plugins compatible for Editor in 0.47 ms, found 2 plugins.
Preloading 0 native plugins for Editor in 0.00 ms.
Mono: successfully reloaded assembly
- Completed reload, in  1.490 seconds
Platform modules already initialized, skipping
Refreshing native plugins compatible for Editor in 0.43 ms, found 2 plugins.
Preloading 0 native plugins for Editor in 0.00 ms.
Unloading 1440 Unused Serialized files (Serialized files now loaded: 0)
System memory in use before: 177.2 MB.
System memory in use after: 177.3 MB.

Unloading 13 unused Assets to reduce memory usage. Loaded Objects now: 2000.
Total: 1.886776 ms (FindLiveObjects: 0.182562 ms CreateObjectMapping: 0.050130 ms MarkObjects: 1.631305 ms  DeleteObjects: 0.021719 ms)

========================================================================
Received Import Request.
  Time since last request: 151.399748 seconds.
  path: Assets/Prefabs/Transport_Electrification.prefab
  artifactKey: Guid(e44ca93f68180304887bbe0f930ec627) Importer(815301076,1909f56bfc062723c751e8b465ee728b)
Start importing Assets/Prefabs/Transport_Electrification.prefab using Guid(e44ca93f68180304887bbe0f930ec627) Importer(815301076,1909f56bfc062723c751e8b465ee728b)  -> (artifact id: 'ed1772df70e6ad321b1f4aad566e56d6') in 0.153550 seconds
  Import took 0.157415 seconds .

========================================================================
Received Prepare
Registering precompiled user dll's ...
Registered in 0.006759 seconds.
Begin MonoManager ReloadAssembly
Native extension for OSXStandalone target not found
Refreshing native plugins compatible for Editor in 0.46 ms, found 2 plugins.
Preloading 0 native plugins for Editor in 0.00 ms.
Mono: successfully reloaded assembly
- Completed reload, in  1.194 seconds
Platform modules already initialized, skipping
Refreshing native plugins compatible for Editor in 0.40 ms, found 2 plugins.
Preloading 0 native plugins for Editor in 0.00 ms.
Unloading 1440 Unused Serialized files (Serialized files now loaded: 0)
System memory in use before: 177.5 MB.
System memory in use after: 177.6 MB.

Unloading 16 unused Assets to reduce memory usage. Loaded Objects now: 2004.
Total: 1.862678 ms (FindLiveObjects: 0.189262 ms CreateObjectMapping: 0.051104 ms MarkObjects: 1.597099 ms  DeleteObjects: 0.024133 ms)

========================================================================
Received Prepare
Registering precompiled user dll's ...
Registered in 0.004577 seconds.
Begin MonoManager ReloadAssembly
Native extension for OSXStandalone target not found
Refreshing native plugins compatible for Editor in 0.52 ms, found 2 plugins.
Preloading 0 native plugins for Editor in 0.00 ms.
Mono: successfully reloaded assembly
- Completed reload, in  1.467 seconds
Platform modules already initialized, skipping
Refreshing native plugins compatible for Editor in 0.41 ms, found 2 plugins.
Preloading 0 native plugins for Editor in 0.00 ms.
Unloading 1440 Unused Serialized files (Serialized files now loaded: 0)
System memory in use before: 177.7 MB.
System memory in use after: 177.8 MB.

Unloading 13 unused Assets to reduce memory usage. Loaded Objects now: 2007.
Total: 2.300337 ms (FindLiveObjects: 0.278677 ms CreateObjectMapping: 0.056592 ms MarkObjects: 1.892589 ms  DeleteObjects: 0.071464 ms)

========================================================================
Received Import Request.
  Time since last request: 384.979762 seconds.
  path: Assets/Prefabs/Transport_Electrification.prefab
  artifactKey: Guid(e44ca93f68180304887bbe0f930ec627) Importer(815301076,1909f56bfc062723c751e8b465ee728b)
Start importing Assets/Prefabs/Transport_Electrification.prefab using Guid(e44ca93f68180304887bbe0f930ec627) Importer(815301076,1909f56bfc062723c751e8b465ee728b)  -> (artifact id: '5bb74234c16a455cd43ca00f498f0b3b') in 0.160146 seconds
  Import took 0.163838 seconds .

========================================================================
Received Prepare
Registering precompiled user dll's ...
Registered in 0.009036 seconds.
Begin MonoManager ReloadAssembly
Native extension for OSXStandalone target not found
Refreshing native plugins compatible for Editor in 0.54 ms, found 2 plugins.
Preloading 0 native plugins for Editor in 0.00 ms.
Mono: successfully reloaded assembly
- Completed reload, in  1.233 seconds
Platform modules already initialized, skipping
Refreshing native plugins compatible for Editor in 0.43 ms, found 2 plugins.
Preloading 0 native plugins for Editor in 0.00 ms.
Unloading 1440 Unused Serialized files (Serialized files now loaded: 0)
System memory in use before: 178.0 MB.
System memory in use after: 178.1 MB.

Unloading 16 unused Assets to reduce memory usage. Loaded Objects now: 2011.
Total: 2.271340 ms (FindLiveObjects: 0.189112 ms CreateObjectMapping: 0.050312 ms MarkObjects: 2.001290 ms  DeleteObjects: 0.029397 ms)

========================================================================
Received Prepare
Registering precompiled user dll's ...
Registered in 0.010853 seconds.
Begin MonoManager ReloadAssembly
Native extension for OSXStandalone target not found
Refreshing native plugins compatible for Editor in 0.43 ms, found 2 plugins.
Preloading 0 native plugins for Editor in 0.00 ms.
Mono: successfully reloaded assembly
- Completed reload, in  1.510 seconds
Platform modules already initialized, skipping
Refreshing native plugins compatible for Editor in 0.53 ms, found 2 plugins.
Preloading 0 native plugins for Editor in 0.00 ms.
Unloading 1440 Unused Serialized files (Serialized files now loaded: 0)
System memory in use before: 178.2 MB.
System memory in use after: 178.3 MB.

Unloading 13 unused Assets to reduce memory usage. Loaded Objects now: 2014.
Total: 2.793346 ms (FindLiveObjects: 0.276204 ms CreateObjectMapping: 0.079184 ms MarkObjects: 2.410963 ms  DeleteObjects: 0.025716 ms)

========================================================================
Received Prepare
Registering precompiled user dll's ...
Registered in 0.001753 seconds.
Begin MonoManager ReloadAssembly
Native extension for OSXStandalone target not found
Refreshing native plugins compatible for Editor in 0.43 ms, found 2 plugins.
Preloading 0 native plugins for Editor in 0.00 ms.
Mono: successfully reloaded assembly
- Completed reload, in  1.432 seconds
Platform modules already initialized, skipping
Refreshing native plugins compatible for Editor in 0.43 ms, found 2 plugins.
Preloading 0 native plugins for Editor in 0.00 ms.
Unloading 1440 Unused Serialized files (Serialized files now loaded: 0)
System memory in use before: 178.4 MB.
System memory in use after: 178.6 MB.

Unloading 13 unused Assets to reduce memory usage. Loaded Objects now: 2017.
Total: 1.808013 ms (FindLiveObjects: 0.175454 ms CreateObjectMapping: 0.048198 ms MarkObjects: 1.563293 ms  DeleteObjects: 0.019702 ms)

========================================================================
Received Prepare
Registering precompiled user dll's ...
Registered in 0.004794 seconds.
Begin MonoManager ReloadAssembly
Native extension for OSXStandalone target not found
Refreshing native plugins compatible for Editor in 0.84 ms, found 2 plugins.
Preloading 0 native plugins for Editor in 0.00 ms.
Mono: successfully reloaded assembly
- Completed reload, in  1.204 seconds
Platform modules already initialized, skipping
Refreshing native plugins compatible for Editor in 0.48 ms, found 2 plugins.
Preloading 0 native plugins for Editor in 0.00 ms.
Unloading 1440 Unused Serialized files (Serialized files now loaded: 0)
System memory in use before: 178.7 MB.
System memory in use after: 178.8 MB.

Unloading 13 unused Assets to reduce memory usage. Loaded Objects now: 2020.
Total: 2.248135 ms (FindLiveObjects: 0.167435 ms CreateObjectMapping: 0.045440 ms MarkObjects: 2.016342 ms  DeleteObjects: 0.017981 ms)

========================================================================
Received Prepare
Registering precompiled user dll's ...
Registered in 0.004133 seconds.
Begin MonoManager ReloadAssembly
Native extension for OSXStandalone target not found
Refreshing native plugins compatible for Editor in 0.47 ms, found 2 plugins.
Preloading 0 native plugins for Editor in 0.00 ms.
Mono: successfully reloaded assembly
- Completed reload, in  1.468 seconds
Platform modules already initialized, skipping
Refreshing native plugins compatible for Editor in 0.43 ms, found 2 plugins.
Preloading 0 native plugins for Editor in 0.00 ms.
Unloading 1440 Unused Serialized files (Serialized files now loaded: 0)
System memory in use before: 178.9 MB.
System memory in use after: 179.0 MB.

Unloading 13 unused Assets to reduce memory usage. Loaded Objects now: 2023.
Total: 2.489439 ms (FindLiveObjects: 0.312010 ms CreateObjectMapping: 0.069214 ms MarkObjects: 2.068023 ms  DeleteObjects: 0.039132 ms)

========================================================================
Received Prepare
Registering precompiled user dll's ...
Registered in 0.003041 seconds.
Begin MonoManager ReloadAssembly
Native extension for OSXStandalone target not found
Refreshing native plugins compatible for Editor in 0.70 ms, found 2 plugins.
Preloading 0 native plugins for Editor in 0.00 ms.
Mono: successfully reloaded assembly
- Completed reload, in  1.540 seconds
Platform modules already initialized, skipping
Refreshing native plugins compatible for Editor in 0.60 ms, found 2 plugins.
Preloading 0 native plugins for Editor in 0.00 ms.
Unloading 1440 Unused Serialized files (Serialized files now loaded: 0)
System memory in use before: 179.1 MB.
System memory in use after: 179.2 MB.

Unloading 13 unused Assets to reduce memory usage. Loaded Objects now: 2026.
Total: 1.890739 ms (FindLiveObjects: 0.220133 ms CreateObjectMapping: 0.055265 ms MarkObjects: 1.597030 ms  DeleteObjects: 0.017356 ms)

========================================================================
Received Prepare
Registering precompiled user dll's ...
Registered in 0.005340 seconds.
Begin MonoManager ReloadAssembly
Native extension for OSXStandalone target not found
Refreshing native plugins compatible for Editor in 0.51 ms, found 2 plugins.
Preloading 0 native plugins for Editor in 0.00 ms.
Mono: successfully reloaded assembly
- Completed reload, in  1.185 seconds
Platform modules already initialized, skipping
Refreshing native plugins compatible for Editor in 0.45 ms, found 2 plugins.
Preloading 0 native plugins for Editor in 0.00 ms.
Unloading 1440 Unused Serialized files (Serialized files now loaded: 0)
System memory in use before: 179.3 MB.
System memory in use after: 179.4 MB.

Unloading 13 unused Assets to reduce memory usage. Loaded Objects now: 2029.
Total: 2.128800 ms (FindLiveObjects: 0.216673 ms CreateObjectMapping: 0.061834 ms MarkObjects: 1.824687 ms  DeleteObjects: 0.023913 ms)

========================================================================
Received Prepare
Registering precompiled user dll's ...
Registered in 0.007505 seconds.
Begin MonoManager ReloadAssembly
Native extension for OSXStandalone target not found
Refreshing native plugins compatible for Editor in 0.41 ms, found 2 plugins.
Preloading 0 native plugins for Editor in 0.00 ms.
Mono: successfully reloaded assembly
- Completed reload, in  1.442 seconds
Platform modules already initialized, skipping
Refreshing native plugins compatible for Editor in 0.49 ms, found 2 plugins.
Preloading 0 native plugins for Editor in 0.00 ms.
Unloading 1440 Unused Serialized files (Serialized files now loaded: 0)
System memory in use before: 179.6 MB.
System memory in use after: 179.7 MB.

Unloading 13 unused Assets to reduce memory usage. Loaded Objects now: 2032.
Total: 2.277550 ms (FindLiveObjects: 0.235720 ms CreateObjectMapping: 0.068518 ms MarkObjects: 1.947616 ms  DeleteObjects: 0.024392 ms)

========================================================================
Received Prepare
Registering precompiled user dll's ...
Registered in 0.004065 seconds.
Begin MonoManager ReloadAssembly
Native extension for OSXStandalone target not found
Refreshing native plugins compatible for Editor in 0.61 ms, found 2 plugins.
Preloading 0 native plugins for Editor in 0.00 ms.
Mono: successfully reloaded assembly
- Completed reload, in  1.487 seconds
Platform modules already initialized, skipping
Refreshing native plugins compatible for Editor in 0.56 ms, found 2 plugins.
Preloading 0 native plugins for Editor in 0.00 ms.
Unloading 1440 Unused Serialized files (Serialized files now loaded: 0)
System memory in use before: 179.8 MB.
System memory in use after: 179.9 MB.

Unloading 13 unused Assets to reduce memory usage. Loaded Objects now: 2035.
Total: 3.010875 ms (FindLiveObjects: 0.317934 ms CreateObjectMapping: 0.084442 ms MarkObjects: 2.582645 ms  DeleteObjects: 0.024625 ms)

========================================================================
Received Prepare
Registering precompiled user dll's ...
Registered in 0.008734 seconds.
Begin MonoManager ReloadAssembly
Native extension for OSXStandalone target not found
Refreshing native plugins compatible for Editor in 0.44 ms, found 2 plugins.
Preloading 0 native plugins for Editor in 0.00 ms.
Mono: successfully reloaded assembly
- Completed reload, in  1.238 seconds
Platform modules already initialized, skipping
Refreshing native plugins compatible for Editor in 0.43 ms, found 2 plugins.
Preloading 0 native plugins for Editor in 0.00 ms.
Unloading 1440 Unused Serialized files (Serialized files now loaded: 0)
System memory in use before: 180.0 MB.
System memory in use after: 180.1 MB.

Unloading 13 unused Assets to reduce memory usage. Loaded Objects now: 2038.
Total: 2.116756 ms (FindLiveObjects: 0.233069 ms CreateObjectMapping: 0.072147 ms MarkObjects: 1.791013 ms  DeleteObjects: 0.019283 ms)

========================================================================
Received Prepare
Registering precompiled user dll's ...
Registered in 0.003750 seconds.
Begin MonoManager ReloadAssembly
Native extension for OSXStandalone target not found
Refreshing native plugins compatible for Editor in 0.42 ms, found 2 plugins.
Preloading 0 native plugins for Editor in 0.00 ms.
Mono: successfully reloaded assembly
- Completed reload, in  1.467 seconds
Platform modules already initialized, skipping
Refreshing native plugins compatible for Editor in 0.41 ms, found 2 plugins.
Preloading 0 native plugins for Editor in 0.00 ms.
Unloading 1440 Unused Serialized files (Serialized files now loaded: 0)
System memory in use before: 180.2 MB.
System memory in use after: 180.3 MB.

Unloading 13 unused Assets to reduce memory usage. Loaded Objects now: 2041.
Total: 1.952993 ms (FindLiveObjects: 0.256943 ms CreateObjectMapping: 0.069058 ms MarkObjects: 1.610059 ms  DeleteObjects: 0.016095 ms)

========================================================================
Received Import Request.
  Time since last request: 654.920481 seconds.
  path: Assets/Prefabs/Transport_Electrification.prefab
  artifactKey: Guid(e44ca93f68180304887bbe0f930ec627) Importer(815301076,1909f56bfc062723c751e8b465ee728b)
Start importing Assets/Prefabs/Transport_Electrification.prefab using Guid(e44ca93f68180304887bbe0f930ec627) Importer(815301076,1909f56bfc062723c751e8b465ee728b)  -> (artifact id: '6f3fde3f3f31f9d0da5cc13a1fdf9385') in 0.174852 seconds
  Import took 0.181100 seconds .

========================================================================
Received Prepare
Registering precompiled user dll's ...
Registered in 0.003471 seconds.
Begin MonoManager ReloadAssembly
Native extension for OSXStandalone target not found
Refreshing native plugins compatible for Editor in 0.43 ms, found 2 plugins.
Preloading 0 native plugins for Editor in 0.00 ms.
Mono: successfully reloaded assembly
- Completed reload, in  1.641 seconds
Platform modules already initialized, skipping
Refreshing native plugins compatible for Editor in 0.41 ms, found 2 plugins.
Preloading 0 native plugins for Editor in 0.00 ms.
Unloading 1440 Unused Serialized files (Serialized files now loaded: 0)
System memory in use before: 180.5 MB.
System memory in use after: 180.6 MB.

Unloading 16 unused Assets to reduce memory usage. Loaded Objects now: 2045.
Total: 2.210658 ms (FindLiveObjects: 0.263592 ms CreateObjectMapping: 0.064656 ms MarkObjects: 1.801010 ms  DeleteObjects: 0.080304 ms)

========================================================================
Received Prepare
Registering precompiled user dll's ...
Registered in 0.010044 seconds.
Begin MonoManager ReloadAssembly
Native extension for OSXStandalone target not found
Refreshing native plugins compatible for Editor in 0.42 ms, found 2 plugins.
Preloading 0 native plugins for Editor in 0.00 ms.
Mono: successfully reloaded assembly
- Completed reload, in  1.356 seconds
Platform modules already initialized, skipping
Refreshing native plugins compatible for Editor in 0.42 ms, found 2 plugins.
Preloading 0 native plugins for Editor in 0.00 ms.
Unloading 1440 Unused Serialized files (Serialized files now loaded: 0)
System memory in use before: 182.8 MB.
System memory in use after: 182.9 MB.

Unloading 13 unused Assets to reduce memory usage. Loaded Objects now: 2048.
Total: 2.592588 ms (FindLiveObjects: 0.308443 ms CreateObjectMapping: 0.062663 ms MarkObjects: 2.167812 ms  DeleteObjects: 0.052241 ms)

